<?xml version="1.0" encoding="UTF-8"?>
<testsuite name="ru.cbr.rates.client.CbrRatesClientTest" tests="4" skipped="1" failures="0" errors="0" timestamp="2025-08-01T09:14:45.519Z" hostname="MacBookPro.lan" time="0.649">
  <properties/>
  <testcase name="should parse currency list XML correctly()" classname="ru.cbr.rates.client.CbrRatesClientTest" time="0.626"/>
  <testcase name="should parse daily rates XML correctly()" classname="ru.cbr.rates.client.CbrRatesClientTest" time="0.009"/>
  <testcase name="should connect to real CBR service and fetch current rates()" classname="ru.cbr.rates.client.CbrRatesClientTest" time="0.0">
    <skipped/>
  </testcase>
  <testcase name="should get currency rate by Currency object()" classname="ru.cbr.rates.client.CbrRatesClientTest" time="0.007"/>
  <system-out><![CDATA[]]></system-out>
  <system-err><![CDATA[]]></system-err>
</testsuite>
