<?xml version="1.0" encoding="UTF-8"?>
<testsuite name="ru.cbr.rates.autoconfigure.CbrRatesAutoConfigurationTest" tests="4" skipped="0" failures="0" errors="0" timestamp="2025-08-01T09:14:44.994Z" hostname="MacBookPro.lan" time="0.521">
  <properties/>
  <testcase name="should configure properties with default values()" classname="ru.cbr.rates.autoconfigure.CbrRatesAutoConfigurationTest" time="0.478"/>
  <testcase name="should not create CBR rates client when disabled()" classname="ru.cbr.rates.autoconfigure.CbrRatesAutoConfigurationTest" time="0.005"/>
  <testcase name="should configure properties with custom values()" classname="ru.cbr.rates.autoconfigure.CbrRatesAutoConfigurationTest" time="0.021"/>
  <testcase name="should create CBR rates client bean when auto-configuration is enabled()" classname="ru.cbr.rates.autoconfigure.CbrRatesAutoConfigurationTest" time="0.012"/>
  <system-out><![CDATA[]]></system-out>
  <system-err><![CDATA[]]></system-err>
</testsuite>
